2026-04-16 14:35:20,333 [INFO] ✅ SUKSES: Data absen 26040002 - Wisnu terkirim ke server.
2026-04-16 14:35:50,539 [INFO] ✅ SUKSES: Data absen 26040002 - Wisnu terkirim ke server.
2026-04-16 14:36:20,453 [INFO] ✅ SUKSES: Data absen 26040002 - Wisnu terkirim ke server.
2026-04-16 14:36:23,578 [INFO] ✅ SUKSES: Data absen 25020001 - DAFA NUR ALI FAUZI terkirim ke server.
2026-04-16 14:36:50,604 [INFO] ✅ SUKSES: Data absen 26040002 - Wisnu terkirim ke server.
2026-04-16 14:37:10,417 [INFO] ✅ SUKSES: Data absen 26010001 - TRI PAMUJI LESTARI terkirim ke server.
2026-04-16 14:37:20,859 [INFO] ✅ SUKSES: Data absen 26040002 - Wisnu terkirim ke server.
2026-04-16 14:50:58,544 [INFO] ✅ TRANSAKSI SUKSES: 26040002 - Wisnu | Mesin: WEBCAM-INTERNAL
2026-04-16 14:53:13,167 [INFO] ✅ TRANSAKSI SUKSES: 26040002 - Wisnu | Mesin: WEBCAM-INTERNAL
2026-04-16 14:53:24,201 [INFO] ✅ TRANSAKSI SUKSES: 26040001 - BAGUS FAJAR FADLI | Mesin: WEBCAM-INTERNAL
2026-04-16 14:53:25,718 [INFO] ✅ TRANSAKSI SUKSES: 26020001 - DWIE KRISTIANTO | Mesin: WEBCAM-INTERNAL
2026-04-16 14:53:43,181 [INFO] ✅ TRANSAKSI SUKSES: 26040002 - Wisnu | Mesin: WEBCAM-INTERNAL
2026-04-16 14:53:51,924 [INFO] ✅ TRANSAKSI SUKSES: 26010001 - TRI PAMUJI LESTARI | Mesin: WEBCAM-INTERNAL
2026-04-16 14:54:13,307 [INFO] ✅ TRANSAKSI SUKSES: 26040002 - Wisnu | Mesin: WEBCAM-INTERNAL
2026-04-16 14:54:15,481 [INFO] ✅ TRANSAKSI SUKSES: 1231231 - Miftah | Mesin: WEBCAM-INTERNAL
2026-04-16 14:54:20,025 [INFO] ✅ TRANSAKSI SUKSES: 26040001 - BAGUS FAJAR FADLI | Mesin: WEBCAM-INTERNAL
2026-04-16 15:01:23,529 [INFO] ✅ TRANSAKSI SUKSES: 26040002 - Wisnu | Mesin: WEBCAM-INTERNAL
2026-04-16 15:01:53,723 [INFO] ✅ TRANSAKSI SUKSES: 26040002 - Wisnu | Mesin: WEBCAM-INTERNAL
✅ TRANSAKSI SUKSES: 26040002 - Wisnu | Mesin: WEBCAM-INTERNAL
✅ TRANSAKSI SUKSES: 26040002 - Wisnu | Mesin: WEBCAM-INTERNAL
✅ TRANSAKSI SUKSES: 26040002 - Wisnu | Mesin: WEBCAM-INTERNAL
2026-04-16 15:10:51,619 [INFO] ✅ SUKSES: Data absen 26040002 - Wisnu terkirim ke server.
2026-04-16 15:26:44,016 [INFO] ✅ SUKSES (Simulasi): Data absen 26040002 - Wisnu terkirim ke server.
2026-04-16 15:27:14,309 [INFO] ✅ SUKSES (Simulasi): Data absen 26040002 - Wisnu terkirim ke server.
2026-04-16 15:27:15,500 [INFO] ✅ SUKSES (Simulasi): Data absen 1231231 - Miftah terkirim ke server.
2026-04-16 15:27:22,494 [INFO] ✅ SUKSES (Simulasi): Data absen 26020001 - DWIE KRISTIANTO terkirim ke server.
2026-04-16 15:28:48,077 [INFO] ✅ SUKSES (Simulasi): Data absen 26040002 - Wisnu terkirim ke server.
2026-04-16 15:28:54,430 [INFO] ✅ SUKSES (Simulasi): Data absen 26010001 - TRI PAMUJI LESTARI terkirim ke server.
2026-04-16 15:28:54,580 [INFO] ✅ SUKSES (Simulasi): Data absen 25010001 - JUNIZA PERMATA NUGRAHENI terkirim ke server.
2026-04-16 15:28:54,873 [INFO] ✅ SUKSES (Simulasi): Data absen 24050001 - ANITA KUSUMAWATI terkirim ke server.
2026-04-16 15:34:15,168 [INFO] ✅ SUKSES (Simulasi): Data absen 26040002 - Wisnu terkirim ke server.
2026-04-16 15:34:45,349 [INFO] ✅ SUKSES (Simulasi): Data absen 26040002 - Wisnu terkirim ke server.
2026-04-16 15:34:48,323 [INFO] ✅ SUKSES (Simulasi): Data absen 26020001 - DWIE KRISTIANTO terkirim ke server.
2026-04-16 15:34:50,457 [INFO] ✅ SUKSES (Simulasi): Data absen 25110001 - FILDA FIKRI FAIZAL MUTTAQIN terkirim ke server.
2026-04-16 15:36:40,271 [INFO] ✅ SUKSES (Simulasi): Data absen 26040002 - Wisnu terkirim ke server.
2026-04-16 15:36:40,487 [INFO] ✅ SUKSES (Simulasi): Data absen 26040001 - BAGUS FAJAR FADLI terkirim ke server.
2026-04-16 15:39:20,807 [INFO] ✅ SUKSES (Simulasi): Data absen 26040002 - Wisnu terkirim ke server.
2026-04-16 15:39:20,925 [INFO] ✅ SUKSES (Simulasi): Data absen 26040001 - BAGUS FAJAR FADLI terkirim ke server.
2026-04-16 15:54:54,957 [INFO] ✅ SUKSES (Simulasi): Data absen 26040002 - Wisnu terkirim ke server.
2026-04-16 15:56:15,709 [INFO] ✅ SUKSES (Simulasi): Data absen 26040002 - Wisnu terkirim ke server.
2026-04-16 16:08:02,217 [INFO] ✅ SUKSES (Simulasi): Data absen 26040002 - Wisnu terkirim ke server.
2026-04-16 16:08:04,572 [INFO] ✅ SUKSES (Simulasi): Data absen 26020001 - DWIE KRISTIANTO terkirim ke server.
2026-04-16 16:08:21,363 [INFO] ✅ SUKSES (Simulasi): Data absen 1231231 - Miftah terkirim ke server.
2026-04-16 16:08:28,361 [INFO] ✅ SUKSES (Simulasi): Data absen 26040001 - BAGUS FAJAR FADLI terkirim ke server.
2026-04-16 16:08:32,254 [INFO] ✅ SUKSES (Simulasi): Data absen 26040002 - Wisnu terkirim ke server.
