2026-04-16 14:11:22,945 [INFO] Sistem Absensi Face Recognition Memulai Proses Inisialisasi...
2026-04-16 14:11:22,945 [INFO] Memeriksa direktori database wajah...
2026-04-16 14:11:22,946 [INFO] 🔄 Memulai reload database wajah...
2026-04-16 14:11:57,571 [INFO] ✅ Reload selesai! Total 21 wajah aktif di memori.
2026-04-16 14:11:57,573 [INFO] 📡 [SYNC] Mengecek update data karyawan ke backend API...
2026-04-16 14:11:58,254 [INFO] 👍 [SYNC] Selesai. Database lokal sudah up-to-date.
2026-04-16 14:11:58,645 [INFO] ✅ Kamera siap. Memulai main loop absensi.
2026-04-16 14:12:17,161 [INFO] Mempersiapkan payload API (Multipart) untuk NIP: 26040002 - Wisnu
2026-04-16 14:18:14,744 [INFO] Mempersiapkan payload API (Multipart) untuk NIP: 26040002 - Wisnu
2026-04-16 14:19:46,870 [INFO] Mempersiapkan payload API (Multipart) untuk NIP: 26040002 - Wisnu
2026-04-16 14:20:03,015 [INFO] ✅ Kamera ditutup dan sistem mati dengan aman.
2026-04-16 14:20:06,531 [INFO] Sistem Absensi Face Recognition Memulai Proses Inisialisasi...
2026-04-16 14:20:06,531 [INFO] Memeriksa direktori database wajah...
2026-04-16 14:20:06,531 [INFO] 🔄 Memulai reload database wajah...
2026-04-16 14:20:43,050 [INFO] ✅ Reload selesai! Total 21 wajah aktif di memori.
2026-04-16 14:20:43,052 [INFO] 📡 [SYNC] Mengecek update data karyawan ke backend API...
2026-04-16 14:20:43,772 [INFO] 👍 [SYNC] Selesai. Database lokal sudah up-to-date.
2026-04-16 14:20:44,120 [INFO] ✅ Kamera siap. Memulai main loop absensi.
2026-04-16 14:23:43,630 [INFO] Mempersiapkan payload API (Multipart) untuk NIP: 26040002 - Wisnu
2026-04-16 14:29:15,746 [INFO] Mempersiapkan payload API (Multipart) untuk NIP: 26040002 - Wisnu
2026-04-16 14:30:30,686 [INFO] ✅ Kamera ditutup dan sistem mati dengan aman.
2026-04-16 14:31:00,631 [INFO] Sistem Absensi Face Recognition Memulai Proses Inisialisasi...
2026-04-16 14:31:00,631 [INFO] Memeriksa direktori database wajah...
2026-04-16 14:31:00,631 [INFO] 🔄 Memulai reload database wajah...
2026-04-16 14:31:41,416 [INFO] ✅ Reload selesai! Total 21 wajah aktif di memori.
2026-04-16 14:31:41,418 [INFO] 📡 [SYNC] Mengecek update data karyawan ke backend API...
2026-04-16 14:31:42,423 [INFO] 👍 [SYNC] Selesai. Database lokal sudah up-to-date.
2026-04-16 14:31:42,565 [INFO] ✅ Kamera siap. Memulai main loop absensi.
2026-04-16 14:31:43,017 [INFO] Mempersiapkan payload API (Multipart) untuk NIP: 26040002 - Wisnu
2026-04-16 14:32:13,698 [INFO] Mempersiapkan payload API (Multipart) untuk NIP: 26040002 - Wisnu
2026-04-16 14:32:25,126 [INFO] Mempersiapkan payload API (Multipart) untuk NIP: 26040001 - BAGUS FAJAR FADLI
2026-04-16 14:32:31,066 [INFO] ✅ Kamera ditutup dan sistem mati dengan aman.
2026-04-16 14:34:40,780 [INFO] Sistem Absensi Face Recognition Memulai Proses Inisialisasi...
2026-04-16 14:34:40,780 [INFO] Memeriksa direktori database wajah...
2026-04-16 14:34:40,780 [INFO] 🔄 Memulai reload database wajah...
2026-04-16 14:35:17,887 [INFO] ✅ Reload selesai! Total 21 wajah aktif di memori.
2026-04-16 14:35:17,888 [INFO] 📡 [SYNC] Mengecek update data karyawan ke backend API...
2026-04-16 14:35:18,697 [INFO] 👍 [SYNC] Selesai. Database lokal sudah up-to-date.
2026-04-16 14:35:18,953 [INFO] ✅ Kamera siap. Memulai main loop absensi.
2026-04-16 14:35:19,438 [INFO] Mempersiapkan payload API (Multipart) untuk NIP: 26040002 - Wisnu
2026-04-16 14:35:49,698 [INFO] Mempersiapkan payload API (Multipart) untuk NIP: 26040002 - Wisnu
2026-04-16 14:36:19,703 [INFO] Mempersiapkan payload API (Multipart) untuk NIP: 26040002 - Wisnu
2026-04-16 14:36:22,843 [INFO] Mempersiapkan payload API (Multipart) untuk NIP: 25020001 - DAFA NUR ALI FAUZI
2026-04-16 14:36:49,798 [INFO] Mempersiapkan payload API (Multipart) untuk NIP: 26040002 - Wisnu
2026-04-16 14:37:09,699 [INFO] Mempersiapkan payload API (Multipart) untuk NIP: 26010001 - TRI PAMUJI LESTARI
2026-04-16 14:37:19,872 [INFO] Mempersiapkan payload API (Multipart) untuk NIP: 26040002 - Wisnu
2026-04-16 14:37:26,033 [INFO] ✅ Kamera ditutup dan sistem mati dengan aman.
2026-04-16 14:50:13,518 [INFO] ⚙️ Menginisialisasi Core Engine Face Recognition...
2026-04-16 14:50:13,999 [INFO] 🔄 Memuat ulang memori database wajah...
2026-04-16 14:50:55,712 [INFO] ✅ Reload selesai! Total 21 karyawan.
2026-04-16 14:50:56,033 [INFO] Membuka sumber kamera: 0
2026-04-16 14:51:07,437 [INFO] Kamera dimatikan.
2026-04-16 14:51:34,506 [INFO] ⚙️ Menginisialisasi Core Engine Face Recognition...
2026-04-16 14:51:34,955 [INFO] 🔄 Memuat ulang memori database wajah...
2026-04-16 14:52:28,038 [INFO] ⚙️ Menginisialisasi Core Engine Face Recognition...
2026-04-16 14:52:28,435 [INFO] 🔄 Memuat ulang memori database wajah...
2026-04-16 14:53:10,427 [INFO] ✅ Reload selesai! Total 21 karyawan.
2026-04-16 14:53:10,622 [INFO] Membuka sumber kamera: 0
2026-04-16 14:54:30,702 [INFO] Kamera dimatikan.
2026-04-16 15:00:36,796 [INFO] ⚙️ Menginisialisasi Core Engine Face Recognition...
2026-04-16 15:00:37,218 [INFO] 🔄 Memuat ulang memori database wajah...
2026-04-16 15:01:20,878 [INFO] ✅ Reload selesai! Total 21 karyawan.
2026-04-16 15:01:21,076 [INFO] Membuka sumber kamera: 0
2026-04-16 15:02:09,175 [INFO] Kamera dimatikan.
⚙️ Menginisialisasi Core Engine Face Recognition (Optimized Version)...
🔄 Memuat ulang memori database wajah...
✅ Reload selesai! Total 21 karyawan.
Membuka sumber kamera: 0
Kamera dimatikan.
⚙️ Menginisialisasi Core Engine Face Recognition (Optimized Version)...
🔄 Memuat ulang memori database wajah...
✅ Reload selesai! Total 21 karyawan.
Membuka sumber kamera: 0
Kamera dimatikan.
2026-04-16 15:10:10,768 [INFO] Sistem Absensi Face Recognition Memulai Proses Inisialisasi...
2026-04-16 15:10:10,768 [INFO] Memeriksa direktori database wajah...
2026-04-16 15:10:10,768 [INFO] 🔄 Memulai reload database wajah...
2026-04-16 15:10:49,374 [INFO] ✅ Reload selesai! Total 21 wajah aktif di memori.
2026-04-16 15:10:49,375 [INFO] 📡 [SYNC] Mengecek update data karyawan ke backend API...
2026-04-16 15:10:50,294 [INFO] 👍 [SYNC] Selesai. Database lokal sudah up-to-date.
2026-04-16 15:10:50,655 [INFO] ✅ Kamera siap. Memulai main loop absensi.
2026-04-16 15:10:50,724 [INFO] Mempersiapkan payload API (Multipart) untuk NIP: 26040002 - Wisnu
2026-04-16 15:10:56,942 [INFO] ✅ Kamera ditutup dan sistem mati dengan aman.
2026-04-16 15:25:54,454 [INFO] Sistem Absensi Face Recognition Memulai Proses Inisialisasi...
2026-04-16 15:25:54,454 [INFO] ⚙️ Config Dimuat: Menggunakan Webcam Laptop (0) (WEBCAM-INTERNAL)
2026-04-16 15:25:54,455 [INFO] 🔄 Memulai reload database wajah...
2026-04-16 15:26:31,060 [INFO] ✅ Reload selesai! Total 21 wajah aktif.
2026-04-16 15:26:31,062 [INFO] Mencoba membuka sumber kamera: 0
2026-04-16 15:26:32,750 [INFO] ✅ Kamera siap. Memulai main loop absensi. Tekan 'Q' untuk keluar, atau 'S' untuk Pengaturan.
2026-04-16 15:27:40,051 [INFO] ✅ Sistem dimatikan dengan aman.
2026-04-16 15:27:58,608 [INFO] Sistem Absensi Face Recognition Memulai Proses Inisialisasi...
2026-04-16 15:27:58,609 [INFO] ⚙️ Config Dimuat: Menggunakan Webcam External (1) (WEBCAM-EKSTERNAL)
2026-04-16 15:27:58,609 [INFO] 🔄 Memulai reload database wajah...
2026-04-16 15:28:37,079 [INFO] ✅ Reload selesai! Total 21 wajah aktif.
2026-04-16 15:28:37,081 [INFO] Mencoba membuka sumber kamera: 1
2026-04-16 15:28:38,624 [INFO] ✅ Kamera siap. Memulai main loop absensi. Tekan 'Q' untuk keluar, atau 'S' untuk Pengaturan.
2026-04-16 15:29:23,712 [INFO] ✅ Sistem dimatikan dengan aman.
2026-04-16 15:32:30,237 [INFO] Sistem Absensi Face Recognition Memulai Proses Inisialisasi...
2026-04-16 15:32:30,237 [INFO] ⚙️ Config Dimuat: Menggunakan CCTV RTSP (CCTV-RTSP)
2026-04-16 15:32:30,238 [INFO] 🔄 Memulai reload database wajah...
2026-04-16 15:33:05,224 [INFO] ✅ Reload selesai! Total 21 wajah aktif.
2026-04-16 15:33:05,226 [INFO] Mencoba membuka sumber kamera: rtsp://admin:zaasasasasa@192.168.1.10:554/stream
2026-04-16 15:33:26,252 [INFO] Sistem Absensi Face Recognition Memulai Proses Inisialisasi...
2026-04-16 15:33:26,252 [INFO] ⚙️ Config Dimuat: Menggunakan Webcam External (WEBCAM-EKSTERNAL)
2026-04-16 15:33:26,252 [INFO] 🔄 Memulai reload database wajah...
2026-04-16 15:34:01,715 [INFO] ✅ Reload selesai! Total 21 wajah aktif.
2026-04-16 15:34:01,716 [INFO] Mencoba membuka sumber kamera: 1
2026-04-16 15:34:03,193 [INFO] ✅ Kamera siap. Memulai main loop absensi. Tekan 'Q' untuk keluar, atau 'S' untuk Pengaturan.
2026-04-16 15:34:52,812 [INFO] ✅ Sistem dimatikan dengan aman.
2026-04-16 15:35:03,134 [INFO] Sistem Absensi Face Recognition Memulai Proses Inisialisasi...
2026-04-16 15:35:03,134 [INFO] ⚙️ Config Dimuat: Menggunakan Webcam External (WEBCAM-EKSTERNAL)
2026-04-16 15:35:03,134 [INFO] 🔄 Memulai reload database wajah...
2026-04-16 15:35:38,685 [INFO] ✅ Reload selesai! Total 21 wajah aktif.
2026-04-16 15:35:38,686 [INFO] Mencoba membuka sumber kamera: 1
2026-04-16 15:35:40,157 [INFO] ✅ Kamera siap. Memulai main loop absensi. Tekan 'Q' untuk keluar, atau 'S' untuk Pengaturan.
2026-04-16 15:35:43,211 [INFO] Membuka menu pengaturan...
2026-04-16 15:35:51,602 [INFO] ✅ Sistem dimatikan dengan aman.
2026-04-16 15:35:56,952 [INFO] Sistem Absensi Face Recognition Memulai Proses Inisialisasi...
2026-04-16 15:35:56,953 [INFO] ⚙️ Config Dimuat: Menggunakan Webcam Laptop (WEBCAM-INTERNAL)
2026-04-16 15:35:56,953 [INFO] 🔄 Memulai reload database wajah...
2026-04-16 15:36:36,479 [INFO] ✅ Reload selesai! Total 21 wajah aktif.
2026-04-16 15:36:36,480 [INFO] Mencoba membuka sumber kamera: 0
2026-04-16 15:36:37,678 [INFO] ✅ Kamera siap. Memulai main loop absensi. Tekan 'Q' untuk keluar, atau 'S' untuk Pengaturan.
2026-04-16 15:54:07,343 [INFO] ✅ Sistem dimatikan dengan aman.
2026-04-16 15:54:11,395 [INFO] Sistem Absensi Face Recognition Memulai Proses Inisialisasi...
2026-04-16 15:54:11,395 [INFO] ⚙️ Config Dimuat: Menggunakan Webcam Laptop (WEBCAM-INTERNAL)
2026-04-16 15:54:11,395 [INFO] 🔄 Memulai reload database wajah...
2026-04-16 15:54:46,574 [INFO] ✅ Reload selesai! Total 21 wajah aktif.
2026-04-16 15:54:46,576 [INFO] Mencoba membuka sumber kamera: 0
2026-04-16 15:54:48,041 [INFO] ✅ Kamera siap. Memulai main loop absensi. Tekan 'Q' untuk keluar, atau 'S' untuk Pengaturan.
2026-04-16 15:56:22,110 [INFO] ✅ Sistem dimatikan dengan aman.
2026-04-16 16:07:20,628 [INFO] Sistem Absensi Face Recognition Memulai Proses Inisialisasi...
2026-04-16 16:07:20,629 [INFO] 🔄 Memulai reload database wajah...
2026-04-16 16:07:59,347 [INFO] ✅ Reload selesai! Total 21 wajah aktif.
2026-04-16 16:07:59,349 [INFO] Mencoba membuka sumber kamera: 0
2026-04-16 16:08:00,802 [INFO] ✅ Kamera siap. Memulai main loop absensi. Tekan 'Q' untuk keluar, atau 'S' untuk Pengaturan.
2026-04-16 16:08:43,743 [INFO] ✅ Sistem dimatikan dengan aman.
